#
# There is insufficient memory for the Java Runtime Environment to continue.
# Native memory allocation (mmap) failed to map 264241152 bytes for G1 virtual space
# Possible reasons:
#   The system is out of physical RAM or swap space
#   The process is running with CompressedOops enabled, and the Java Heap may be blocking the growth of the native heap
# Possible solutions:
#   Reduce memory load on the system
#   Increase physical memory or swap space
#   Check if swap backing store is full
#   Decrease Java heap size (-Xmx/-Xms)
#   Decrease number of Java threads
#   Decrease Java thread stack sizes (-Xss)
#   Set larger code cache with -XX:ReservedCodeCacheSize=
#   JVM is running with Zero Based Compressed Oops mode in which the Java heap is
#     placed in the first 32GB address space. The Java Heap base address is the
#     maximum limit for the native heap growth. Please use -XX:HeapBaseMinAddress
#     to set the Java Heap base and to place the Java Heap above 32GB virtual address.
# This output file may be truncated or incomplete.
#
#  Out of Memory Error (os_windows.cpp:3557), pid=7476, tid=13744
#
# JRE version:  (17.0.6+10) (build )
# Java VM: OpenJDK 64-Bit Server VM (17.0.6+10, mixed mode, sharing, tiered, compressed oops, compressed class ptrs, g1 gc, windows-amd64)
# No core dump will be written. Minidumps are not enabled by default on client versions of Windows
#

---------------  S U M M A R Y ------------

Command Line: -Dfile.encoding=UTF-8 -XX:+ShowCodeDetailsInExceptionMessages logic.home.controller.TestMain

Host: 12th Gen Intel(R) Core(TM) i7-12700, 20 cores, 15G,  Windows 11 , 64 bit Build 22621 (10.0.22621.2506)
Time: Fri Jan  5 18:32:33 2024  Windows 11 , 64 bit Build 22621 (10.0.22621.2506) elapsed time: 0.007489 seconds (0d 0h 0m 0s)

---------------  T H R E A D  ---------------

Current thread (0x0000018cbdc253d0):  JavaThread "Unknown thread" [_thread_in_vm, id=13744, stack(0x000000445cd00000,0x000000445ce00000)]

Stack: [0x000000445cd00000,0x000000445ce00000]
Native frames: (J=compiled Java code, j=interpreted, Vv=VM code, C=native code)
V  [jvm.dll+0x67741a]
V  [jvm.dll+0x834434]
V  [jvm.dll+0x835bde]
V  [jvm.dll+0x836243]
V  [jvm.dll+0x2457b5]
V  [jvm.dll+0x674329]
V  [jvm.dll+0x6689da]
V  [jvm.dll+0x30489b]
V  [jvm.dll+0x30bd96]
V  [jvm.dll+0x35b57e]
V  [jvm.dll+0x35b7af]
V  [jvm.dll+0x2db778]
V  [jvm.dll+0x2dc6e4]
V  [jvm.dll+0x806131]
V  [jvm.dll+0x369331]
V  [jvm.dll+0x7e56ac]
V  [jvm.dll+0x3eb35f]
V  [jvm.dll+0x3ecea1]
C  [jli.dll+0x5267]
C  [ucrtbase.dll+0x29363]
C  [KERNEL32.DLL+0x1257d]
C  [ntdll.dll+0x5aa58]


---------------  P R O C E S S  ---------------

Threads class SMR info:
_java_thread_list=0x00007ffae1b25fd8, length=0, elements={
}

Java Threads: ( => current thread )

Other Threads:
  0x0000018cbdc94930 GCTaskThread "GC Thread#0" [stack: 0x000000445ce00000,0x000000445cf00000] [id=19500]
  0x0000018cbdca5ab0 ConcurrentGCThread "G1 Main Marker" [stack: 0x000000445cf00000,0x000000445d000000] [id=10504]
  0x0000018cbdca63d0 ConcurrentGCThread "G1 Conc#0" [stack: 0x000000445d000000,0x000000445d100000] [id=17176]

[error occurred during error reporting (printing all threads), id 0xc0000005, EXCEPTION_ACCESS_VIOLATION (0xc0000005) at pc=0x00007ffae12fc1e7]

VM state: not at safepoint (not fully initialized)

VM Mutex/Monitor currently owned by a thread:  ([mutex/lock_event])
[0x0000018cbdc1ff50] Heap_lock - owner thread: 0x0000018cbdc253d0

Heap address: 0x0000000704600000, size: 4026 MB, Compressed Oops mode: Zero based, Oop shift amount: 3

CDS archive(s) mapped at: [0x0000000000000000-0x0000000000000000-0x0000000000000000), size 0, SharedBaseAddress: 0x0000000800000000, ArchiveRelocationMode: 0.
Narrow klass base: 0x0000000000000000, Narrow klass shift: 0, Narrow klass range: 0x0

GC Precious Log:
<Empty>

Heap:
 garbage-first heap   total 0K, used 0K [0x0000000704600000, 0x0000000800000000)
  region size 2048K, 0 young (0K), 0 survivors (0K)

[error occurred during error reporting (printing heap information), id 0xc0000005, EXCEPTION_ACCESS_VIOLATION (0xc0000005) at pc=0x00007ffae16e06f9]

GC Heap History (0 events):
No events

Dll operation events (1 events):
Event: 0.005 Loaded shared library D:\eclipse\plugins\org.eclipse.justj.openjdk.hotspot.jre.full.win32.x86_64_17.0.6.v20230204-1729\jre\bin\java.dll

Deoptimization events (0 events):
No events

Classes unloaded (0 events):
No events

Classes redefined (0 events):
No events

Internal exceptions (0 events):
No events

VM Operations (0 events):
No events

Events (0 events):
No events


Dynamic libraries:
0x00007ff74f9e0000 - 0x00007ff74f9ee000 	D:\eclipse\plugins\org.eclipse.justj.openjdk.hotspot.jre.full.win32.x86_64_17.0.6.v20230204-1729\jre\bin\javaw.exe
0x00007ffb3fb90000 - 0x00007ffb3fda7000 	C:\Windows\SYSTEM32\ntdll.dll
0x00007ffb3e450000 - 0x00007ffb3e514000 	C:\Windows\System32\KERNEL32.DLL
0x00007ffb3d530000 - 0x00007ffb3d8d6000 	C:\Windows\System32\KERNELBASE.dll
0x00007ffb3cf00000 - 0x00007ffb3d011000 	C:\Windows\System32\ucrtbase.dll
0x00007ffb289f0000 - 0x00007ffb28a07000 	D:\eclipse\plugins\org.eclipse.justj.openjdk.hotspot.jre.full.win32.x86_64_17.0.6.v20230204-1729\jre\bin\jli.dll
0x00007ffb04030000 - 0x00007ffb04049000 	D:\eclipse\plugins\org.eclipse.justj.openjdk.hotspot.jre.full.win32.x86_64_17.0.6.v20230204-1729\jre\bin\VCRUNTIME140.dll
0x00007ffb3dfb0000 - 0x00007ffb3e15e000 	C:\Windows\System32\USER32.dll
0x00007ffb3d020000 - 0x00007ffb3d046000 	C:\Windows\System32\win32u.dll
0x00007ffb3f790000 - 0x00007ffb3f7b9000 	C:\Windows\System32\GDI32.dll
0x00007ffb16b10000 - 0x00007ffb16da3000 	C:\Windows\WinSxS\amd64_microsoft.windows.common-controls_6595b64144ccf1df_6.0.22621.2506_none_270c5ae97388e100\COMCTL32.dll
0x00007ffb3d410000 - 0x00007ffb3d528000 	C:\Windows\System32\gdi32full.dll
0x00007ffb3e780000 - 0x00007ffb3e827000 	C:\Windows\System32\msvcrt.dll
0x00007ffb3d240000 - 0x00007ffb3d2da000 	C:\Windows\System32\msvcp_win.dll
0x00007ffb3ee20000 - 0x00007ffb3ee51000 	C:\Windows\System32\IMM32.DLL
0x00007ffb04020000 - 0x00007ffb0402c000 	D:\eclipse\plugins\org.eclipse.justj.openjdk.hotspot.jre.full.win32.x86_64_17.0.6.v20230204-1729\jre\bin\vcruntime140_1.dll
0x00007ffb22d00000 - 0x00007ffb22d91000 	D:\eclipse\plugins\org.eclipse.justj.openjdk.hotspot.jre.full.win32.x86_64_17.0.6.v20230204-1729\jre\bin\msvcp140.dll
0x00007ffae1010000 - 0x00007ffae1c57000 	D:\eclipse\plugins\org.eclipse.justj.openjdk.hotspot.jre.full.win32.x86_64_17.0.6.v20230204-1729\jre\bin\server\jvm.dll
0x00007ffb3f6c0000 - 0x00007ffb3f771000 	C:\Windows\System32\ADVAPI32.dll
0x00007ffb3e640000 - 0x00007ffb3e6e5000 	C:\Windows\System32\sechost.dll
0x00007ffb3e1e0000 - 0x00007ffb3e2f7000 	C:\Windows\System32\RPCRT4.dll
0x00007ffb04050000 - 0x00007ffb04059000 	C:\Windows\SYSTEM32\WSOCK32.dll
0x00007ffb31bd0000 - 0x00007ffb31bda000 	C:\Windows\SYSTEM32\VERSION.dll
0x00007ffb2b6b0000 - 0x00007ffb2b6e4000 	C:\Windows\SYSTEM32\WINMM.dll
0x00007ffb3e160000 - 0x00007ffb3e1d1000 	C:\Windows\System32\WS2_32.dll
0x00007ffb3bf50000 - 0x00007ffb3bf68000 	C:\Windows\SYSTEM32\kernel.appcore.dll
0x00007ffae6860000 - 0x00007ffae686a000 	D:\eclipse\plugins\org.eclipse.justj.openjdk.hotspot.jre.full.win32.x86_64_17.0.6.v20230204-1729\jre\bin\jimage.dll
0x00007ffb257f0000 - 0x00007ffb25a23000 	C:\Windows\SYSTEM32\DBGHELP.DLL
0x00007ffb3f7c0000 - 0x00007ffb3fb49000 	C:\Windows\System32\combase.dll
0x00007ffb3dc20000 - 0x00007ffb3dcf7000 	C:\Windows\System32\OLEAUT32.dll
0x00007ffb257b0000 - 0x00007ffb257e2000 	C:\Windows\SYSTEM32\dbgcore.DLL
0x00007ffb3d1c0000 - 0x00007ffb3d23a000 	C:\Windows\System32\bcryptPrimitives.dll
0x00007ffae2130000 - 0x00007ffae2155000 	D:\eclipse\plugins\org.eclipse.justj.openjdk.hotspot.jre.full.win32.x86_64_17.0.6.v20230204-1729\jre\bin\java.dll

dbghelp: loaded successfully - version: 4.0.5 - missing functions: none
symbol engine: initialized successfully - sym options: 0x614 - pdb path: .;D:\eclipse\plugins\org.eclipse.justj.openjdk.hotspot.jre.full.win32.x86_64_17.0.6.v20230204-1729\jre\bin;C:\Windows\SYSTEM32;C:\Windows\WinSxS\amd64_microsoft.windows.common-controls_6595b64144ccf1df_6.0.22621.2506_none_270c5ae97388e100;D:\eclipse\plugins\org.eclipse.justj.openjdk.hotspot.jre.full.win32.x86_64_17.0.6.v20230204-1729\jre\bin\server

VM Arguments:
jvm_args: -Dfile.encoding=UTF-8 -XX:+ShowCodeDetailsInExceptionMessages 
java_command: logic.home.controller.TestMain
java_class_path (initial): D:\workspace\LogicHomework2\bin
Launcher Type: SUN_STANDARD

[Global flags]
     intx CICompilerCount                          = 12                                        {product} {ergonomic}
     uint ConcGCThreads                            = 4                                         {product} {ergonomic}
     uint G1ConcRefinementThreads                  = 15                                        {product} {ergonomic}
   size_t G1HeapRegionSize                         = 2097152                                   {product} {ergonomic}
    uintx GCDrainStackTargetSize                   = 64                                        {product} {ergonomic}
   size_t InitialHeapSize                          = 264241152                                 {product} {ergonomic}
   size_t MarkStackSize                            = 4194304                                   {product} {ergonomic}
   size_t MaxHeapSize                              = 4221566976                                {product} {ergonomic}
   size_t MinHeapDeltaBytes                        = 2097152                                   {product} {ergonomic}
   size_t MinHeapSize                              = 8388608                                   {product} {ergonomic}
    uintx NonNMethodCodeHeapSize                   = 7602480                                {pd product} {ergonomic}
    uintx NonProfiledCodeHeapSize                  = 122027880                              {pd product} {ergonomic}
    uintx ProfiledCodeHeapSize                     = 122027880                              {pd product} {ergonomic}
    uintx ReservedCodeCacheSize                    = 251658240                              {pd product} {ergonomic}
     bool SegmentedCodeCache                       = true                                      {product} {ergonomic}
     bool ShowCodeDetailsInExceptionMessages       = true                                   {manageable} {command line}
   size_t SoftMaxHeapSize                          = 4221566976                             {manageable} {ergonomic}
     bool UseCompressedClassPointers               = true                           {product lp64_product} {ergonomic}
     bool UseCompressedOops                        = true                           {product lp64_product} {ergonomic}
     bool UseG1GC                                  = true                                      {product} {ergonomic}
     bool UseLargePagesIndividualAllocation        = false                                  {pd product} {ergonomic}

Logging:
Log output configuration:
 #0: stdout all=warning uptime,level,tags
 #1: stderr all=off uptime,level,tags

Environment Variables:
JAVA_HOME=C:\Program Files\Java\jdk-17.0.2
PATH=D:/eclipse//plugins/org.eclipse.justj.openjdk.hotspot.jre.full.win32.x86_64_17.0.6.v20230204-1729/jre/bin/server;D:/eclipse//plugins/org.eclipse.justj.openjdk.hotspot.jre.full.win32.x86_64_17.0.6.v20230204-1729/jre/bin;C:\Windows\system32;C:\Windows;C:\Windows\System32\Wbem;C:\Windows\System32\WindowsPowerShell\v1.0\;C:\Windows\System32\OpenSSH\;C:\Program Files\Java\jdk-17.0.2\bin;C:\Users\ict01-4\AppData\Local\Microsoft\WindowsApps;;D:\eclipse;
USERNAME=ict01-4
OS=Windows_NT
PROCESSOR_IDENTIFIER=Intel64 Family 6 Model 151 Stepping 2, GenuineIntel
TMP=C:\Users\ict01-4\AppData\Local\Temp
TEMP=C:\Users\ict01-4\AppData\Local\Temp



---------------  S Y S T E M  ---------------

OS:
 Windows 11 , 64 bit Build 22621 (10.0.22621.2506)
OS uptime: 0 days 9:35 hours

CPU: total 20 (initial active 20) (10 cores per cpu, 2 threads per core) family 6 model 151 stepping 2 microcode 0x1e, cx8, cmov, fxsr, ht, mmx, 3dnowpref, sse, sse2, sse3, ssse3, sse4.1, sse4.2, popcnt, lzcnt, tsc, tscinvbit, avx, avx2, aes, erms, clmul, bmi1, bmi2, adx, sha, fma, vzeroupper, clflush, clflushopt, clwb

Memory: 4k page, system-wide physical 16098M (7390M free)
TotalPageFile size 44470M (AvailPageFile size 5M)
current process WorkingSet (physical memory assigned to process): 11M, peak: 11M
current process commit charge ("private bytes"): 75M, peak: 326M

vm_info: OpenJDK 64-Bit Server VM (17.0.6+10) for windows-amd64 JRE (17.0.6+10), built on Jan 18 2023 10:08:59 by "temurin" with MS VC++ 16.7 (VS2019)

END.
